<?xml version="1.0" encoding="UTF-8"?>
<!-- Generated by org.testng.reporters.JUnitReportReporter -->
<testsuite hostname="DESKTOP-PEK21EF" failures="0" tests="10" name="Goibibo_Runner.Runner" time="98.432" errors="0" timestamp="2023-11-20T19:39:20 IST" skipped="0">
  <testcase classname="Goibibo_Runner.Runner" name="close_Popup" time="1.044"/>
  <testcase classname="Goibibo_Runner.Runner" name="login_Button" time="0.260"/>
  <testcase classname="Goibibo_Runner.Runner" name="phone_Num" time="4.349"/>
  <testcase classname="Goibibo_Runner.Runner" name="edit_Phno" time="2.149"/>
  <testcase classname="Goibibo_Runner.Runner" name="phone_Num1" time="27.383"/>
  <testcase classname="Goibibo_Runner.Runner" name="from_Destination" time="9.652"/>
  <testcase classname="Goibibo_Runner.Runner" name="to_Destination" time="6.304"/>
  <testcase classname="Goibibo_Runner.Runner" name="departure_Date" time="9.484"/>
  <testcase classname="Goibibo_Runner.Runner" name="travel_Class" time="23.191"/>
  <testcase classname="Goibibo_Runner.Runner" name="sign_Out" time="14.616"/>
</testsuite> <!-- Goibibo_Runner.Runner -->
